{"C:\\Exam_pro\\apps\\api\\src\\elo\\elo.module.ts": {"path":"C:\\Exam_pro\\apps\\api\\src\\elo\\elo.module.ts","statementMap":{"0":{"start":{"line":1,"column":0},"end":{"line":1,"column":40}},"1":{"start":{"line":2,"column":0},"end":{"line":2,"column":43}},"2":{"start":{"line":3,"column":0},"end":{"line":3,"column":65}},"3":{"start":{"line":4,"column":0},"end":{"line":4,"column":55}},"4":{"start":{"line":11,"column":7},"end":{"line":11,"column":null}},"5":{"start":{"line":11,"column":13},"end":{"line":11,"column":22}},"6":{"start":{"line":11,"column":13},"end":{"line":11,"column":null}}},"fnMap":{},"branchMap":{},"s":{"0":0,"1":0,"2":0,"3":0,"4":0,"5":0,"6":0},"f":{},"b":{}}
,"C:\\Exam_pro\\apps\\api\\src\\elo\\elo.service.ts": {"path":"C:\\Exam_pro\\apps\\api\\src\\elo\\elo.service.ts","statementMap":{"0":{"start":{"line":1,"column":0},"end":{"line":1,"column":44}},"1":{"start":{"line":4,"column":7},"end":{"line":76,"column":null}},"2":{"start":{"line":5,"column":2},"end":{"line":5,"column":53}},"3":{"start":{"line":6,"column":2},"end":{"line":6,"column":55}},"4":{"start":{"line":9,"column":4},"end":{"line":9,"column":51}},"5":{"start":{"line":13,"column":14},"end":{"line":13,"column":29}},"6":{"start":{"line":14,"column":28},"end":{"line":14,"column":77}},"7":{"start":{"line":15,"column":24},"end":{"line":15,"column":77}},"8":{"start":{"line":17,"column":28},"end":{"line":17,"column":43}},"9":{"start":{"line":18,"column":29},"end":{"line":18,"column":78}},"10":{"start":{"line":19,"column":25},"end":{"line":19,"column":95}},"11":{"start":{"line":21,"column":4},"end":{"line":28,"column":6}},"12":{"start":{"line":42,"column":17},"end":{"line":42,"column":89}},"13":{"start":{"line":43,"column":21},"end":{"line":43,"column":84}},"14":{"start":{"line":44,"column":19},"end":{"line":44,"column":41}},"15":{"start":{"line":46,"column":24},"end":{"line":46,"column":51}},"16":{"start":{"line":47,"column":32},"end":{"line":47,"column":102}},"17":{"start":{"line":48,"column":33},"end":{"line":48,"column":104}},"18":{"start":{"line":50,"column":25},"end":{"line":50,"column":65}},"19":{"start":{"line":51,"column":23},"end":{"line":51,"column":70}},"20":{"start":{"line":52,"column":23},"end":{"line":52,"column":71}},"21":{"start":{"line":53,"column":27},"end":{"line":53,"column":56}},"22":{"start":{"line":55,"column":26},"end":{"line":55,"column":78}},"23":{"start":{"line":56,"column":30},"end":{"line":56,"column":90}},"24":{"start":{"line":58,"column":4},"end":{"line":70,"column":6}},"25":{"start":{"line":74,"column":4},"end":{"line":74,"column":47}},"26":{"start":{"line":4,"column":13},"end":{"line":4,"column":23}},"27":{"start":{"line":4,"column":13},"end":{"line":76,"column":null}}},"fnMap":{"0":{"name":"(anonymous_1)","decl":{"start":{"line":4,"column":7},"end":{"line":4,"column":13}},"loc":{"start":{"line":4,"column":7},"end":{"line":76,"column":1}}},"1":{"name":"(anonymous_2)","decl":{"start":{"line":8,"column":2},"end":{"line":8,"column":15}},"loc":{"start":{"line":8,"column":38},"end":{"line":10,"column":3}}},"2":{"name":"(anonymous_3)","decl":{"start":{"line":12,"column":2},"end":{"line":12,"column":8}},"loc":{"start":{"line":12,"column":72},"end":{"line":29,"column":3}}},"3":{"name":"(anonymous_4)","decl":{"start":{"line":31,"column":2},"end":{"line":31,"column":10}},"loc":{"start":{"line":41,"column":3},"end":{"line":71,"column":3}}},"4":{"name":"(anonymous_5)","decl":{"start":{"line":73,"column":10},"end":{"line":73,"column":15}},"loc":{"start":{"line":73,"column":55},"end":{"line":75,"column":3}}}},"branchMap":{"0":{"loc":{"start":{"line":5,"column":20},"end":{"line":5,"column":51}},"type":"binary-expr","locations":[{"start":{"line":5,"column":20},"end":{"line":5,"column":45}},{"start":{"line":5,"column":49},"end":{"line":5,"column":51}}]},"1":{"loc":{"start":{"line":6,"column":21},"end":{"line":6,"column":53}},"type":"binary-expr","locations":[{"start":{"line":6,"column":21},"end":{"line":6,"column":47}},{"start":{"line":6,"column":51},"end":{"line":6,"column":53}}]},"2":{"loc":{"start":{"line":13,"column":14},"end":{"line":13,"column":29}},"type":"cond-expr","locations":[{"start":{"line":13,"column":24},"end":{"line":13,"column":25}},{"start":{"line":13,"column":28},"end":{"line":13,"column":29}}]},"3":{"loc":{"start":{"line":17,"column":28},"end":{"line":17,"column":43}},"type":"cond-expr","locations":[{"start":{"line":17,"column":38},"end":{"line":17,"column":39}},{"start":{"line":17,"column":42},"end":{"line":17,"column":43}}]},"4":{"loc":{"start":{"line":44,"column":19},"end":{"line":44,"column":41}},"type":"cond-expr","locations":[{"start":{"line":44,"column":36},"end":{"line":44,"column":37}},{"start":{"line":44,"column":40},"end":{"line":44,"column":41}}]},"5":{"loc":{"start":{"line":53,"column":27},"end":{"line":53,"column":56}},"type":"cond-expr","locations":[{"start":{"line":53,"column":44},"end":{"line":53,"column":48}},{"start":{"line":53,"column":51},"end":{"line":53,"column":56}}]}},"s":{"0":1,"1":1,"2":1,"3":1,"4":7,"5":3,"6":3,"7":3,"8":3,"9":3,"10":3,"11":3,"12":1,"13":1,"14":1,"15":1,"16":1,"17":1,"18":1,"19":1,"20":1,"21":1,"22":1,"23":1,"24":1,"25":5,"26":1,"27":1},"f":{"0":1,"1":7,"2":3,"3":1,"4":5},"b":{"0":[1,1],"1":[1,1],"2":[2,1],"3":[2,1],"4":[1,0],"5":[1,0]}}
,"C:\\Exam_pro\\apps\\api\\src\\elo\\next-best-action.engine.ts": {"path":"C:\\Exam_pro\\apps\\api\\src\\elo\\next-best-action.engine.ts","statementMap":{"0":{"start":{"line":1,"column":0},"end":{"line":1,"column":44}},"1":{"start":{"line":2,"column":0},"end":{"line":2,"column":57}},"2":{"start":{"line":13,"column":7},"end":{"line":113,"column":null}},"3":{"start":{"line":14,"column":31},"end":{"line":14,"column":39}},"4":{"start":{"line":17,"column":37},"end":{"line":28,"column":6}},"5":{"start":{"line":30,"column":4},"end":{"line":37,"column":5}},"6":{"start":{"line":31,"column":6},"end":{"line":36,"column":8}},"7":{"start":{"line":39,"column":24},"end":{"line":41,"column":11}},"8":{"start":{"line":40,"column":36},"end":{"line":40,"column":45}},"9":{"start":{"line":42,"column":20},"end":{"line":42,"column":39}},"10":{"start":{"line":43,"column":25},"end":{"line":43,"column":83}},"11":{"start":{"line":43,"column":47},"end":{"line":43,"column":70}},"12":{"start":{"line":44,"column":27},"end":{"line":44,"column":101}},"13":{"start":{"line":44,"column":49},"end":{"line":44,"column":88}},"14":{"start":{"line":45,"column":24},"end":{"line":45,"column":96}},"15":{"start":{"line":45,"column":46},"end":{"line":45,"column":83}},"16":{"start":{"line":47,"column":22},"end":{"line":47,"column":65}},"17":{"start":{"line":47,"column":49},"end":{"line":47,"column":63}},"18":{"start":{"line":48,"column":28},"end":{"line":52,"column":null}},"19":{"start":{"line":49,"column":6},"end":{"line":52,"column":8}},"20":{"start":{"line":50,"column":20},"end":{"line":50,"column":56}},"21":{"start":{"line":51,"column":8},"end":{"line":51,"column":50}},"22":{"start":{"line":55,"column":4},"end":{"line":62,"column":5}},"23":{"start":{"line":56,"column":6},"end":{"line":61,"column":8}},"24":{"start":{"line":58,"column":41},"end":{"line":58,"column":88}},"25":{"start":{"line":64,"column":4},"end":{"line":76,"column":5}},"26":{"start":{"line":65,"column":24},"end":{"line":65,"column":93}},"27":{"start":{"line":65,"column":71},"end":{"line":65,"column":92}},"28":{"start":{"line":66,"column":27},"end":{"line":69,"column":70}},"29":{"start":{"line":67,"column":23},"end":{"line":67,"column":52}},"30":{"start":{"line":69,"column":21},"end":{"line":69,"column":68}},"31":{"start":{"line":70,"column":6},"end":{"line":75,"column":8}},"32":{"start":{"line":78,"column":4},"end":{"line":85,"column":5}},"33":{"start":{"line":79,"column":6},"end":{"line":84,"column":8}},"34":{"start":{"line":81,"column":40},"end":{"line":81,"column":87}},"35":{"start":{"line":87,"column":4},"end":{"line":94,"column":5}},"36":{"start":{"line":88,"column":6},"end":{"line":93,"column":8}},"37":{"start":{"line":90,"column":43},"end":{"line":90,"column":90}},"38":{"start":{"line":96,"column":22},"end":{"line":96,"column":63}},"39":{"start":{"line":96,"column":53},"end":{"line":96,"column":61}},"40":{"start":{"line":97,"column":4},"end":{"line":104,"column":5}},"41":{"start":{"line":98,"column":6},"end":{"line":103,"column":8}},"42":{"start":{"line":100,"column":36},"end":{"line":100,"column":83}},"43":{"start":{"line":106,"column":4},"end":{"line":111,"column":6}},"44":{"start":{"line":108,"column":34},"end":{"line":108,"column":81}},"45":{"start":{"line":13,"column":13},"end":{"line":13,"column":33}},"46":{"start":{"line":13,"column":13},"end":{"line":113,"column":null}}},"fnMap":{"0":{"name":"(anonymous_2)","decl":{"start":{"line":14,"column":2},"end":{"line":14,"column":31}},"loc":{"start":{"line":14,"column":52},"end":{"line":14,"column":56}}},"1":{"name":"(anonymous_3)","decl":{"start":{"line":16,"column":2},"end":{"line":16,"column":7}},"loc":{"start":{"line":16,"column":53},"end":{"line":112,"column":3}}},"2":{"name":"(anonymous_4)","decl":{"start":{"line":40,"column":29},"end":{"line":40,"column":30}},"loc":{"start":{"line":40,"column":36},"end":{"line":40,"column":45}}},"3":{"name":"(anonymous_5)","decl":{"start":{"line":43,"column":40},"end":{"line":43,"column":41}},"loc":{"start":{"line":43,"column":47},"end":{"line":43,"column":70}}},"4":{"name":"(anonymous_6)","decl":{"start":{"line":44,"column":42},"end":{"line":44,"column":43}},"loc":{"start":{"line":44,"column":49},"end":{"line":44,"column":88}}},"5":{"name":"(anonymous_7)","decl":{"start":{"line":45,"column":39},"end":{"line":45,"column":40}},"loc":{"start":{"line":45,"column":46},"end":{"line":45,"column":83}}},"6":{"name":"(anonymous_8)","decl":{"start":{"line":47,"column":42},"end":{"line":47,"column":43}},"loc":{"start":{"line":47,"column":49},"end":{"line":47,"column":63}}},"7":{"name":"(anonymous_9)","decl":{"start":{"line":48,"column":41},"end":{"line":48,"column":42}},"loc":{"start":{"line":49,"column":6},"end":{"line":52,"column":8}}},"8":{"name":"(anonymous_10)","decl":{"start":{"line":49,"column":33},"end":{"line":49,"column":34}},"loc":{"start":{"line":49,"column":39},"end":{"line":52,"column":7}}},"9":{"name":"(anonymous_11)","decl":{"start":{"line":58,"column":33},"end":{"line":58,"column":34}},"loc":{"start":{"line":58,"column":41},"end":{"line":58,"column":88}}},"10":{"name":"(anonymous_12)","decl":{"start":{"line":65,"column":64},"end":{"line":65,"column":65}},"loc":{"start":{"line":65,"column":71},"end":{"line":65,"column":92}}},"11":{"name":"(anonymous_13)","decl":{"start":{"line":67,"column":16},"end":{"line":67,"column":17}},"loc":{"start":{"line":67,"column":23},"end":{"line":67,"column":52}}},"12":{"name":"(anonymous_14)","decl":{"start":{"line":69,"column":13},"end":{"line":69,"column":14}},"loc":{"start":{"line":69,"column":21},"end":{"line":69,"column":68}}},"13":{"name":"(anonymous_15)","decl":{"start":{"line":81,"column":32},"end":{"line":81,"column":33}},"loc":{"start":{"line":81,"column":40},"end":{"line":81,"column":87}}},"14":{"name":"(anonymous_16)","decl":{"start":{"line":90,"column":35},"end":{"line":90,"column":36}},"loc":{"start":{"line":90,"column":43},"end":{"line":90,"column":90}}},"15":{"name":"(anonymous_17)","decl":{"start":{"line":96,"column":46},"end":{"line":96,"column":47}},"loc":{"start":{"line":96,"column":53},"end":{"line":96,"column":61}}},"16":{"name":"(anonymous_18)","decl":{"start":{"line":100,"column":28},"end":{"line":100,"column":29}},"loc":{"start":{"line":100,"column":36},"end":{"line":100,"column":83}}},"17":{"name":"(anonymous_19)","decl":{"start":{"line":108,"column":26},"end":{"line":108,"column":27}},"loc":{"start":{"line":108,"column":34},"end":{"line":108,"column":81}}}},"branchMap":{"0":{"loc":{"start":{"line":30,"column":4},"end":{"line":37,"column":5}},"type":"if","locations":[{"start":{"line":30,"column":4},"end":{"line":37,"column":5}}]},"1":{"loc":{"start":{"line":39,"column":24},"end":{"line":41,"column":11}},"type":"cond-expr","locations":[{"start":{"line":40,"column":8},"end":{"line":40,"column":76}},{"start":{"line":41,"column":8},"end":{"line":41,"column":11}}]},"2":{"loc":{"start":{"line":44,"column":49},"end":{"line":44,"column":88}},"type":"binary-expr","locations":[{"start":{"line":44,"column":49},"end":{"line":44,"column":68}},{"start":{"line":44,"column":72},"end":{"line":44,"column":88}}]},"3":{"loc":{"start":{"line":45,"column":46},"end":{"line":45,"column":83}},"type":"binary-expr","locations":[{"start":{"line":45,"column":46},"end":{"line":45,"column":64}},{"start":{"line":45,"column":68},"end":{"line":45,"column":83}}]},"4":{"loc":{"start":{"line":51,"column":15},"end":{"line":51,"column":49}},"type":"binary-expr","locations":[{"start":{"line":51,"column":15},"end":{"line":51,"column":18}},{"start":{"line":51,"column":22},"end":{"line":51,"column":49}}]},"5":{"loc":{"start":{"line":55,"column":4},"end":{"line":62,"column":5}},"type":"if","locations":[{"start":{"line":55,"column":4},"end":{"line":62,"column":5}}]},"6":{"loc":{"start":{"line":64,"column":4},"end":{"line":76,"column":5}},"type":"if","locations":[{"start":{"line":64,"column":4},"end":{"line":76,"column":5}}]},"7":{"loc":{"start":{"line":78,"column":4},"end":{"line":85,"column":5}},"type":"if","locations":[{"start":{"line":78,"column":4},"end":{"line":85,"column":5}}]},"8":{"loc":{"start":{"line":87,"column":4},"end":{"line":94,"column":5}},"type":"if","locations":[{"start":{"line":87,"column":4},"end":{"line":94,"column":5}}]},"9":{"loc":{"start":{"line":97,"column":4},"end":{"line":104,"column":5}},"type":"if","locations":[{"start":{"line":97,"column":4},"end":{"line":104,"column":5}}]},"10":{"loc":{"start":{"line":97,"column":8},"end":{"line":97,"column":48}},"type":"binary-expr","locations":[{"start":{"line":97,"column":8},"end":{"line":97,"column":27}},{"start":{"line":97,"column":31},"end":{"line":97,"column":48}}]},"11":{"loc":{"start":{"line":109,"column":17},"end":{"line":109,"column":51}},"type":"cond-expr","locations":[{"start":{"line":109,"column":37},"end":{"line":109,"column":43}},{"start":{"line":109,"column":46},"end":{"line":109,"column":51}}]}},"s":{"0":1,"1":1,"2":1,"3":1,"4":1,"5":1,"6":0,"7":1,"8":0,"9":1,"10":1,"11":1,"12":1,"13":1,"14":1,"15":1,"16":1,"17":1,"18":1,"19":1,"20":0,"21":0,"22":1,"23":1,"24":1,"25":0,"26":0,"27":0,"28":0,"29":0,"30":0,"31":0,"32":0,"33":0,"34":0,"35":0,"36":0,"37":0,"38":0,"39":0,"40":0,"41":0,"42":0,"43":0,"44":0,"45":1,"46":1},"f":{"0":1,"1":1,"2":0,"3":1,"4":1,"5":1,"6":1,"7":1,"8":0,"9":1,"10":0,"11":0,"12":0,"13":0,"14":0,"15":0,"16":0,"17":0},"b":{"0":[0],"1":[0,1],"2":[1,0],"3":[1,0],"4":[0,0],"5":[1],"6":[0],"7":[0],"8":[0],"9":[0],"10":[0,0],"11":[0,0]}}
}
