TN:
SF:src\elo\elo.module.ts
FNF:0
FNH:0
DA:1,0
DA:2,0
DA:3,0
DA:4,0
DA:11,0
LF:5
LH:0
BRF:0
BRH:0
end_of_record
TN:
SF:src\elo\elo.service.ts
FN:4,(anonymous_1)
FN:8,(anonymous_2)
FN:12,(anonymous_3)
FN:31,(anonymous_4)
FN:73,(anonymous_5)
FNF:5
FNH:5
FNDA:1,(anonymous_1)
FNDA:7,(anonymous_2)
FNDA:3,(anonymous_3)
FNDA:1,(anonymous_4)
FNDA:5,(anonymous_5)
DA:1,1
DA:4,1
DA:5,1
DA:6,1
DA:9,7
DA:13,3
DA:14,3
DA:15,3
DA:17,3
DA:18,3
DA:19,3
DA:21,3
DA:42,1
DA:43,1
DA:44,1
DA:46,1
DA:47,1
DA:48,1
DA:50,1
DA:51,1
DA:52,1
DA:53,1
DA:55,1
DA:56,1
DA:58,1
DA:74,5
LF:26
LH:26
BRDA:5,0,0,1
BRDA:5,0,1,1
BRDA:6,1,0,1
BRDA:6,1,1,1
BRDA:13,2,0,2
BRDA:13,2,1,1
BRDA:17,3,0,2
BRDA:17,3,1,1
BRDA:44,4,0,1
BRDA:44,4,1,0
BRDA:53,5,0,1
BRDA:53,5,1,0
BRF:12
BRH:10
end_of_record
TN:
SF:src\elo\next-best-action.engine.ts
FN:14,(anonymous_2)
FN:16,(anonymous_3)
FN:40,(anonymous_4)
FN:43,(anonymous_5)
FN:44,(anonymous_6)
FN:45,(anonymous_7)
FN:47,(anonymous_8)
FN:48,(anonymous_9)
FN:49,(anonymous_10)
FN:58,(anonymous_11)
FN:65,(anonymous_12)
FN:67,(anonymous_13)
FN:69,(anonymous_14)
FN:81,(anonymous_15)
FN:90,(anonymous_16)
FN:96,(anonymous_17)
FN:100,(anonymous_18)
FN:108,(anonymous_19)
FNF:18
FNH:8
FNDA:1,(anonymous_2)
FNDA:1,(anonymous_3)
FNDA:0,(anonymous_4)
FNDA:1,(anonymous_5)
FNDA:1,(anonymous_6)
FNDA:1,(anonymous_7)
FNDA:1,(anonymous_8)
FNDA:1,(anonymous_9)
FNDA:0,(anonymous_10)
FNDA:1,(anonymous_11)
FNDA:0,(anonymous_12)
FNDA:0,(anonymous_13)
FNDA:0,(anonymous_14)
FNDA:0,(anonymous_15)
FNDA:0,(anonymous_16)
FNDA:0,(anonymous_17)
FNDA:0,(anonymous_18)
FNDA:0,(anonymous_19)
DA:1,1
DA:2,1
DA:13,1
DA:14,1
DA:17,1
DA:30,1
DA:31,0
DA:39,1
DA:40,0
DA:42,1
DA:43,1
DA:44,1
DA:45,1
DA:47,1
DA:48,1
DA:49,1
DA:50,0
DA:51,0
DA:55,1
DA:56,1
DA:58,1
DA:64,0
DA:65,0
DA:66,0
DA:67,0
DA:69,0
DA:70,0
DA:78,0
DA:79,0
DA:81,0
DA:87,0
DA:88,0
DA:90,0
DA:96,0
DA:97,0
DA:98,0
DA:100,0
DA:106,0
DA:108,0
LF:39
LH:17
BRDA:30,0,0,0
BRDA:39,1,0,0
BRDA:39,1,1,1
BRDA:44,2,0,1
BRDA:44,2,1,0
BRDA:45,3,0,1
BRDA:45,3,1,0
BRDA:51,4,0,0
BRDA:51,4,1,0
BRDA:55,5,0,1
BRDA:64,6,0,0
BRDA:78,7,0,0
BRDA:87,8,0,0
BRDA:97,9,0,0
BRDA:97,10,0,0
BRDA:97,10,1,0
BRDA:109,11,0,0
BRDA:109,11,1,0
BRF:18
BRH:4
end_of_record
